File not found: ${COM_TI_SIMPLELINK_CC13X2_26X2_SDK_INSTALL_DIR}/source/ti/boards/CC1312R1_LAUNCHXL/Board.html
In project: examples/rtos/CC1312R1_LAUNCHXL/lvgl/kentectouchwidgets/tirtos/ccs/kentectouchwidgets_CC1312R1_LAUNCHXL_tirtos_ccs.projectspec

File not found: ${COM_TI_SIMPLELINK_CC13X2_26X2_SDK_INSTALL_DIR}/source/ti/boards/CC1312R1_LAUNCHXL/Board.html
In project: examples/rtos/CC1312R1_LAUNCHXL/lvgl/kentectouchwidgets/tirtos/gcc/kentectouchwidgets_CC1312R1_LAUNCHXL_tirtos_gcc.projectspec

File not found: ${COM_TI_SIMPLELINK_CC13X2_26X2_SDK_INSTALL_DIR}/source/ti/boards/CC1312R1_LAUNCHXL/Board.html
In project: examples/rtos/CC1312R1_LAUNCHXL/lvgl/sharpsimpledisplay/tirtos/ccs/sharpsimpledisplay_CC1312R1_LAUNCHXL_tirtos_ccs.projectspec

File not found: ${COM_TI_SIMPLELINK_CC13X2_26X2_SDK_INSTALL_DIR}/source/ti/boards/CC1312R1_LAUNCHXL/Board.html
In project: examples/rtos/CC1312R1_LAUNCHXL/lvgl/sharpsimpledisplay/tirtos/gcc/sharpsimpledisplay_CC1312R1_LAUNCHXL_tirtos_gcc.projectspec

File not found: ${COM_TI_SIMPLELINK_CC13X2_26X2_SDK_INSTALL_DIR}/source/ti/boards/CC1352P1_LAUNCHXL/Board.html
In project: examples/rtos/CC1352P1_LAUNCHXL/lvgl/kentectouchwidgets/tirtos/ccs/kentectouchwidgets_CC1352P1_LAUNCHXL_tirtos_ccs.projectspec

File not found: ${COM_TI_SIMPLELINK_CC13X2_26X2_SDK_INSTALL_DIR}/source/ti/boards/CC1352P1_LAUNCHXL/Board.html
In project: examples/rtos/CC1352P1_LAUNCHXL/lvgl/kentectouchwidgets/tirtos/gcc/kentectouchwidgets_CC1352P1_LAUNCHXL_tirtos_gcc.projectspec

File not found: ${COM_TI_SIMPLELINK_CC13X2_26X2_SDK_INSTALL_DIR}/source/ti/boards/CC1352P1_LAUNCHXL/Board.html
In project: examples/rtos/CC1352P1_LAUNCHXL/lvgl/sharpsimpledisplay/tirtos/ccs/sharpsimpledisplay_CC1352P1_LAUNCHXL_tirtos_ccs.projectspec

File not found: ${COM_TI_SIMPLELINK_CC13X2_26X2_SDK_INSTALL_DIR}/source/ti/boards/CC1352P1_LAUNCHXL/Board.html
In project: examples/rtos/CC1352P1_LAUNCHXL/lvgl/sharpsimpledisplay/tirtos/gcc/sharpsimpledisplay_CC1352P1_LAUNCHXL_tirtos_gcc.projectspec

File not found: ${COM_TI_SIMPLELINK_CC13X2_26X2_SDK_INSTALL_DIR}/source/ti/boards/CC1352P_2_LAUNCHXL/Board.html
In project: examples/rtos/CC1352P_2_LAUNCHXL/lvgl/kentectouchwidgets/tirtos/ccs/kentectouchwidgets_CC1352P_2_LAUNCHXL_tirtos_ccs.projectspec

File not found: ${COM_TI_SIMPLELINK_CC13X2_26X2_SDK_INSTALL_DIR}/source/ti/boards/CC1352P_2_LAUNCHXL/Board.html
In project: examples/rtos/CC1352P_2_LAUNCHXL/lvgl/kentectouchwidgets/tirtos/gcc/kentectouchwidgets_CC1352P_2_LAUNCHXL_tirtos_gcc.projectspec

File not found: ${COM_TI_SIMPLELINK_CC13X2_26X2_SDK_INSTALL_DIR}/source/ti/boards/CC1352P_2_LAUNCHXL/Board.html
In project: examples/rtos/CC1352P_2_LAUNCHXL/lvgl/sharpsimpledisplay/tirtos/ccs/sharpsimpledisplay_CC1352P_2_LAUNCHXL_tirtos_ccs.projectspec

File not found: ${COM_TI_SIMPLELINK_CC13X2_26X2_SDK_INSTALL_DIR}/source/ti/boards/CC1352P_2_LAUNCHXL/Board.html
In project: examples/rtos/CC1352P_2_LAUNCHXL/lvgl/sharpsimpledisplay/tirtos/gcc/sharpsimpledisplay_CC1352P_2_LAUNCHXL_tirtos_gcc.projectspec

File not found: ${COM_TI_SIMPLELINK_CC13X2_26X2_SDK_INSTALL_DIR}/source/ti/boards/CC1352R1_LAUNCHXL/Board.html
In project: examples/rtos/CC1352R1_LAUNCHXL/lvgl/kentectouchwidgets/tirtos/ccs/kentectouchwidgets_CC1352R1_LAUNCHXL_tirtos_ccs.projectspec

File not found: ${COM_TI_SIMPLELINK_CC13X2_26X2_SDK_INSTALL_DIR}/source/ti/boards/CC1352R1_LAUNCHXL/Board.html
In project: examples/rtos/CC1352R1_LAUNCHXL/lvgl/kentectouchwidgets/tirtos/gcc/kentectouchwidgets_CC1352R1_LAUNCHXL_tirtos_gcc.projectspec

File not found: ${COM_TI_SIMPLELINK_CC13X2_26X2_SDK_INSTALL_DIR}/source/ti/boards/CC1352R1_LAUNCHXL/Board.html
In project: examples/rtos/CC1352R1_LAUNCHXL/lvgl/sharpsimpledisplay/tirtos/ccs/sharpsimpledisplay_CC1352R1_LAUNCHXL_tirtos_ccs.projectspec

File not found: ${COM_TI_SIMPLELINK_CC13X2_26X2_SDK_INSTALL_DIR}/source/ti/boards/CC1352R1_LAUNCHXL/Board.html
In project: examples/rtos/CC1352R1_LAUNCHXL/lvgl/sharpsimpledisplay/tirtos/gcc/sharpsimpledisplay_CC1352R1_LAUNCHXL_tirtos_gcc.projectspec

File not found: ${COM_TI_SIMPLELINK_CC13X2_26X2_SDK_INSTALL_DIR}/source/ti/boards/CC26X2R1_LAUNCHXL/Board.html
In project: examples/rtos/CC26X2R1_LAUNCHXL/lvgl/kentectouchwidgets/tirtos/ccs/kentectouchwidgets_CC26X2R1_LAUNCHXL_tirtos_ccs.projectspec

File not found: ${COM_TI_SIMPLELINK_CC13X2_26X2_SDK_INSTALL_DIR}/source/ti/boards/CC26X2R1_LAUNCHXL/Board.html
In project: examples/rtos/CC26X2R1_LAUNCHXL/lvgl/kentectouchwidgets/tirtos/gcc/kentectouchwidgets_CC26X2R1_LAUNCHXL_tirtos_gcc.projectspec

File not found: ${COM_TI_SIMPLELINK_CC13X2_26X2_SDK_INSTALL_DIR}/source/ti/boards/CC26X2R1_LAUNCHXL/Board.html
In project: examples/rtos/CC26X2R1_LAUNCHXL/lvgl/sharpsimpledisplay/tirtos/ccs/sharpsimpledisplay_CC26X2R1_LAUNCHXL_tirtos_ccs.projectspec

File not found: ${COM_TI_SIMPLELINK_CC13X2_26X2_SDK_INSTALL_DIR}/source/ti/boards/CC26X2R1_LAUNCHXL/Board.html
In project: examples/rtos/CC26X2R1_LAUNCHXL/lvgl/sharpsimpledisplay/tirtos/gcc/sharpsimpledisplay_CC26X2R1_LAUNCHXL_tirtos_gcc.projectspec

File not found: ${COM_TI_SIMPLELINK_CC32XX_SDK_INSTALL_DIR}/source/ti/boards/CC3220SF_LAUNCHXL/Board.html
In project: examples/rtos/CC3220SF_LAUNCHXL/lvgl/kentectouchwidgets/freertos/ccs/kentectouchwidgets_CC3220SF_LAUNCHXL_freertos_ccs.projectspec

File not found: ${COM_TI_SIMPLELINK_CC32XX_SDK_INSTALL_DIR}/source/ti/boards/CC3220SF_LAUNCHXL/Board.html
In project: examples/rtos/CC3220SF_LAUNCHXL/lvgl/kentectouchwidgets/freertos/gcc/kentectouchwidgets_CC3220SF_LAUNCHXL_freertos_gcc.projectspec

File not found: ${COM_TI_SIMPLELINK_CC32XX_SDK_INSTALL_DIR}/source/ti/boards/CC3220SF_LAUNCHXL/Board.html
In project: examples/rtos/CC3220SF_LAUNCHXL/lvgl/kentectouchwidgets/tirtos/ccs/kentectouchwidgets_CC3220SF_LAUNCHXL_tirtos_ccs.projectspec

File not found: ${COM_TI_SIMPLELINK_CC32XX_SDK_INSTALL_DIR}/source/ti/boards/CC3220SF_LAUNCHXL/Board.html
In project: examples/rtos/CC3220SF_LAUNCHXL/lvgl/kentectouchwidgets/tirtos/gcc/kentectouchwidgets_CC3220SF_LAUNCHXL_tirtos_gcc.projectspec

File not found: ${COM_TI_SIMPLELINK_CC32XX_SDK_INSTALL_DIR}/source/ti/boards/CC3220SF_LAUNCHXL/Board.html
In project: examples/rtos/CC3220SF_LAUNCHXL/lvgl/sharpsimpledisplay/freertos/ccs/sharpsimpledisplay_CC3220SF_LAUNCHXL_freertos_ccs.projectspec

File not found: ${COM_TI_SIMPLELINK_CC32XX_SDK_INSTALL_DIR}/source/ti/boards/CC3220SF_LAUNCHXL/Board.html
In project: examples/rtos/CC3220SF_LAUNCHXL/lvgl/sharpsimpledisplay/tirtos/ccs/sharpsimpledisplay_CC3220SF_LAUNCHXL_tirtos_ccs.projectspec

File not found: ${COM_TI_SIMPLELINK_CC32XX_SDK_INSTALL_DIR}/source/ti/boards/CC3220SF_LAUNCHXL/Board.html
In project: examples/rtos/CC3220SF_LAUNCHXL/lvgl/sharpsimpledisplay/tirtos/gcc/sharpsimpledisplay_CC3220SF_LAUNCHXL_tirtos_gcc.projectspec

File not found: ${COM_TI_SIMPLELINK_CC32XX_SDK_INSTALL_DIR}/source/ti/boards/CC3220SF_LAUNCHXL/Board.html
In project: examples/rtos/CC3220SF_LAUNCHXL/lvgl/sharpsimpledisplay/freertos/gcc/sharpsimpledisplay_CC3220SF_LAUNCHXL_freertos_gcc.projectspec

File not found: ${COM_TI_SIMPLELINK_CC32XX_SDK_INSTALL_DIR}/source/ti/boards/CC3220S_LAUNCHXL/Board.html
In project: examples/rtos/CC3220S_LAUNCHXL/lvgl/kentectouchwidgets/freertos/ccs/kentectouchwidgets_CC3220S_LAUNCHXL_freertos_ccs.projectspec

File not found: ${COM_TI_SIMPLELINK_CC32XX_SDK_INSTALL_DIR}/source/ti/boards/CC3220S_LAUNCHXL/Board.html
In project: examples/rtos/CC3220S_LAUNCHXL/lvgl/kentectouchwidgets/freertos/gcc/kentectouchwidgets_CC3220S_LAUNCHXL_freertos_gcc.projectspec

File not found: ${COM_TI_SIMPLELINK_CC32XX_SDK_INSTALL_DIR}/source/ti/boards/CC3220S_LAUNCHXL/Board.html
In project: examples/rtos/CC3220S_LAUNCHXL/lvgl/kentectouchwidgets/tirtos/ccs/kentectouchwidgets_CC3220S_LAUNCHXL_tirtos_ccs.projectspec

File not found: ${COM_TI_SIMPLELINK_CC32XX_SDK_INSTALL_DIR}/source/ti/boards/CC3220S_LAUNCHXL/Board.html
In project: examples/rtos/CC3220S_LAUNCHXL/lvgl/kentectouchwidgets/tirtos/gcc/kentectouchwidgets_CC3220S_LAUNCHXL_tirtos_gcc.projectspec

File not found: ${COM_TI_SIMPLELINK_CC32XX_SDK_INSTALL_DIR}/source/ti/boards/CC3220S_LAUNCHXL/Board.html
In project: examples/rtos/CC3220S_LAUNCHXL/lvgl/sharpsimpledisplay/freertos/ccs/sharpsimpledisplay_CC3220S_LAUNCHXL_freertos_ccs.projectspec

File not found: ${COM_TI_SIMPLELINK_CC32XX_SDK_INSTALL_DIR}/source/ti/boards/CC3220S_LAUNCHXL/Board.html
In project: examples/rtos/CC3220S_LAUNCHXL/lvgl/sharpsimpledisplay/tirtos/ccs/sharpsimpledisplay_CC3220S_LAUNCHXL_tirtos_ccs.projectspec

File not found: ${COM_TI_SIMPLELINK_CC32XX_SDK_INSTALL_DIR}/source/ti/boards/CC3220S_LAUNCHXL/Board.html
In project: examples/rtos/CC3220S_LAUNCHXL/lvgl/sharpsimpledisplay/tirtos/gcc/sharpsimpledisplay_CC3220S_LAUNCHXL_tirtos_gcc.projectspec

File not found: ${COM_TI_SIMPLELINK_CC32XX_SDK_INSTALL_DIR}/source/ti/boards/CC3235SF_LAUNCHXL/Board.html
In project: examples/rtos/CC3235SF_LAUNCHXL/lvgl/kentectouchwidgets/freertos/ccs/kentectouchwidgets_CC3235SF_LAUNCHXL_freertos_ccs.projectspec

File not found: ${COM_TI_SIMPLELINK_CC32XX_SDK_INSTALL_DIR}/source/ti/boards/CC3235SF_LAUNCHXL/Board.html
In project: examples/rtos/CC3235SF_LAUNCHXL/lvgl/kentectouchwidgets/freertos/gcc/kentectouchwidgets_CC3235SF_LAUNCHXL_freertos_gcc.projectspec

File not found: ${COM_TI_SIMPLELINK_CC32XX_SDK_INSTALL_DIR}/source/ti/boards/CC3235SF_LAUNCHXL/Board.html
In project: examples/rtos/CC3235SF_LAUNCHXL/lvgl/kentectouchwidgets/tirtos/ccs/kentectouchwidgets_CC3235SF_LAUNCHXL_tirtos_ccs.projectspec

File not found: ${COM_TI_SIMPLELINK_CC32XX_SDK_INSTALL_DIR}/source/ti/boards/CC3235SF_LAUNCHXL/Board.html
In project: examples/rtos/CC3235SF_LAUNCHXL/lvgl/kentectouchwidgets/tirtos/gcc/kentectouchwidgets_CC3235SF_LAUNCHXL_tirtos_gcc.projectspec

File not found: ${COM_TI_SIMPLELINK_CC32XX_SDK_INSTALL_DIR}/source/ti/boards/CC3235SF_LAUNCHXL/Board.html
In project: examples/rtos/CC3235SF_LAUNCHXL/lvgl/sharpsimpledisplay/freertos/ccs/sharpsimpledisplay_CC3235SF_LAUNCHXL_freertos_ccs.projectspec

File not found: ${COM_TI_SIMPLELINK_CC32XX_SDK_INSTALL_DIR}/source/ti/boards/CC3235SF_LAUNCHXL/Board.html
In project: examples/rtos/CC3235SF_LAUNCHXL/lvgl/sharpsimpledisplay/freertos/gcc/sharpsimpledisplay_CC3235SF_LAUNCHXL_freertos_gcc.projectspec

File not found: ${COM_TI_SIMPLELINK_CC32XX_SDK_INSTALL_DIR}/source/ti/boards/CC3235SF_LAUNCHXL/Board.html
In project: examples/rtos/CC3235SF_LAUNCHXL/lvgl/sharpsimpledisplay/tirtos/ccs/sharpsimpledisplay_CC3235SF_LAUNCHXL_tirtos_ccs.projectspec

File not found: ${COM_TI_SIMPLELINK_CC32XX_SDK_INSTALL_DIR}/source/ti/boards/CC3235SF_LAUNCHXL/Board.html
In project: examples/rtos/CC3235SF_LAUNCHXL/lvgl/sharpsimpledisplay/tirtos/gcc/sharpsimpledisplay_CC3235SF_LAUNCHXL_tirtos_gcc.projectspec

File not found: ${COM_TI_SIMPLELINK_CC32XX_SDK_INSTALL_DIR}/source/ti/boards/CC3235S_LAUNCHXL/Board.html
In project: examples/rtos/CC3235S_LAUNCHXL/lvgl/kentectouchwidgets/freertos/ccs/kentectouchwidgets_CC3235S_LAUNCHXL_freertos_ccs.projectspec

File not found: ${COM_TI_SIMPLELINK_CC32XX_SDK_INSTALL_DIR}/source/ti/boards/CC3235S_LAUNCHXL/Board.html
In project: examples/rtos/CC3235S_LAUNCHXL/lvgl/kentectouchwidgets/freertos/gcc/kentectouchwidgets_CC3235S_LAUNCHXL_freertos_gcc.projectspec

File not found: ${COM_TI_SIMPLELINK_CC32XX_SDK_INSTALL_DIR}/source/ti/boards/CC3235S_LAUNCHXL/Board.html
In project: examples/rtos/CC3235S_LAUNCHXL/lvgl/kentectouchwidgets/tirtos/ccs/kentectouchwidgets_CC3235S_LAUNCHXL_tirtos_ccs.projectspec

File not found: ${COM_TI_SIMPLELINK_CC32XX_SDK_INSTALL_DIR}/source/ti/boards/CC3235S_LAUNCHXL/Board.html
In project: examples/rtos/CC3235S_LAUNCHXL/lvgl/kentectouchwidgets/tirtos/gcc/kentectouchwidgets_CC3235S_LAUNCHXL_tirtos_gcc.projectspec

File not found: ${COM_TI_SIMPLELINK_CC32XX_SDK_INSTALL_DIR}/source/ti/boards/CC3235S_LAUNCHXL/Board.html
In project: examples/rtos/CC3235S_LAUNCHXL/lvgl/sharpsimpledisplay/freertos/ccs/sharpsimpledisplay_CC3235S_LAUNCHXL_freertos_ccs.projectspec

File not found: ${COM_TI_SIMPLELINK_CC32XX_SDK_INSTALL_DIR}/source/ti/boards/CC3235S_LAUNCHXL/Board.html
In project: examples/rtos/CC3235S_LAUNCHXL/lvgl/sharpsimpledisplay/freertos/gcc/sharpsimpledisplay_CC3235S_LAUNCHXL_freertos_gcc.projectspec

File not found: ${COM_TI_SIMPLELINK_CC32XX_SDK_INSTALL_DIR}/source/ti/boards/CC3235S_LAUNCHXL/Board.html
In project: examples/rtos/CC3235S_LAUNCHXL/lvgl/sharpsimpledisplay/tirtos/ccs/sharpsimpledisplay_CC3235S_LAUNCHXL_tirtos_ccs.projectspec

File not found: ${COM_TI_SIMPLELINK_CC32XX_SDK_INSTALL_DIR}/source/ti/boards/CC3235S_LAUNCHXL/Board.html
In project: examples/rtos/CC3235S_LAUNCHXL/lvgl/sharpsimpledisplay/tirtos/gcc/sharpsimpledisplay_CC3235S_LAUNCHXL_tirtos_gcc.projectspec

File not found: ${COM_TI_SIMPLELINK_MSP432E4_SDK_INSTALL_DIR}/source/ti/boards/MSP_EXP432E401Y/Board.html
In project: examples/rtos/MSP_EXP432E401Y/lvgl/kentectouchwidgets/freertos/ccs/kentectouchwidgets_MSP_EXP432E401Y_freertos_ccs.projectspec

File not found: ${COM_TI_SIMPLELINK_MSP432E4_SDK_INSTALL_DIR}/source/ti/boards/MSP_EXP432E401Y/Board.html
In project: examples/rtos/MSP_EXP432E401Y/lvgl/kentectouchwidgets/freertos/gcc/kentectouchwidgets_MSP_EXP432E401Y_freertos_gcc.projectspec

File not found: ${COM_TI_SIMPLELINK_MSP432E4_SDK_INSTALL_DIR}/source/ti/boards/MSP_EXP432E401Y/Board.html
In project: examples/rtos/MSP_EXP432E401Y/lvgl/kentectouchwidgets/tirtos/ccs/kentectouchwidgets_MSP_EXP432E401Y_tirtos_ccs.projectspec

File not found: ${COM_TI_SIMPLELINK_MSP432E4_SDK_INSTALL_DIR}/source/ti/boards/MSP_EXP432E401Y/Board.html
In project: examples/rtos/MSP_EXP432E401Y/lvgl/kentectouchwidgets/tirtos/gcc/kentectouchwidgets_MSP_EXP432E401Y_tirtos_gcc.projectspec

File not found: ${COM_TI_SIMPLELINK_MSP432E4_SDK_INSTALL_DIR}/source/ti/boards/MSP_EXP432E401Y/Board.html
In project: examples/rtos/MSP_EXP432E401Y/lvgl/sharpsimpledisplay/freertos/ccs/sharpsimpledisplay_MSP_EXP432E401Y_freertos_ccs.projectspec

File not found: ${COM_TI_SIMPLELINK_MSP432E4_SDK_INSTALL_DIR}/source/ti/boards/MSP_EXP432E401Y/Board.html
In project: examples/rtos/MSP_EXP432E401Y/lvgl/sharpsimpledisplay/freertos/gcc/sharpsimpledisplay_MSP_EXP432E401Y_freertos_gcc.projectspec

File not found: ${COM_TI_SIMPLELINK_MSP432E4_SDK_INSTALL_DIR}/source/ti/boards/MSP_EXP432E401Y/Board.html
In project: examples/rtos/MSP_EXP432E401Y/lvgl/sharpsimpledisplay/tirtos/gcc/sharpsimpledisplay_MSP_EXP432E401Y_tirtos_gcc.projectspec

File not found: ${COM_TI_SIMPLELINK_MSP432E4_SDK_INSTALL_DIR}/source/ti/boards/MSP_EXP432E401Y/Board.html
In project: examples/rtos/MSP_EXP432E401Y/lvgl/sharpsimpledisplay/tirtos/ccs/sharpsimpledisplay_MSP_EXP432E401Y_tirtos_ccs.projectspec

File not found: ${COM_TI_SIMPLELINK_MSP432_SDK_INSTALL_DIR}/source/ti/boards/MSP_EXP432P401R/Board.html
In project: examples/rtos/MSP_EXP432P401R/lvgl/kentectouchwidgets/freertos/ccs/kentectouchwidgets_MSP_EXP432P401R_freertos_ccs.projectspec

File not found: ${COM_TI_SIMPLELINK_MSP432_SDK_INSTALL_DIR}/source/ti/boards/MSP_EXP432P401R/Board.html
In project: examples/rtos/MSP_EXP432P401R/lvgl/kentectouchwidgets/freertos/gcc/kentectouchwidgets_MSP_EXP432P401R_freertos_gcc.projectspec

File not found: ${COM_TI_SIMPLELINK_MSP432_SDK_INSTALL_DIR}/source/ti/boards/MSP_EXP432P401R/Board.html
In project: examples/rtos/MSP_EXP432P401R/lvgl/kentectouchwidgets/tirtos/ccs/kentectouchwidgets_MSP_EXP432P401R_tirtos_ccs.projectspec

File not found: ${COM_TI_SIMPLELINK_MSP432_SDK_INSTALL_DIR}/source/ti/boards/MSP_EXP432P401R/Board.html
In project: examples/rtos/MSP_EXP432P401R/lvgl/kentectouchwidgets/tirtos/gcc/kentectouchwidgets_MSP_EXP432P401R_tirtos_gcc.projectspec

File not found: ${COM_TI_SIMPLELINK_MSP432_SDK_INSTALL_DIR}/source/ti/boards/MSP_EXP432P401R/Board.html
In project: examples/rtos/MSP_EXP432P401R/lvgl/sharpsimpledisplay/freertos/ccs/sharpsimpledisplay_MSP_EXP432P401R_freertos_ccs.projectspec

File not found: ${COM_TI_SIMPLELINK_MSP432_SDK_INSTALL_DIR}/source/ti/boards/MSP_EXP432P401R/Board.html
In project: examples/rtos/MSP_EXP432P401R/lvgl/sharpsimpledisplay/freertos/gcc/sharpsimpledisplay_MSP_EXP432P401R_freertos_gcc.projectspec

File not found: ${COM_TI_SIMPLELINK_MSP432_SDK_INSTALL_DIR}/source/ti/boards/MSP_EXP432P401R/Board.html
In project: examples/rtos/MSP_EXP432P401R/lvgl/sharpsimpledisplay/tirtos/ccs/sharpsimpledisplay_MSP_EXP432P401R_tirtos_ccs.projectspec

File not found: ${COM_TI_SIMPLELINK_MSP432_SDK_INSTALL_DIR}/source/ti/boards/MSP_EXP432P401R/Board.html
In project: examples/rtos/MSP_EXP432P401R/lvgl/sharpsimpledisplay/tirtos/gcc/sharpsimpledisplay_MSP_EXP432P401R_tirtos_gcc.projectspec

File not found: ${COM_TI_SIMPLELINK_MSP432_SDK_INSTALL_DIR}/source/ti/boards/MSP_EXP432P4111/Board.html
In project: examples/rtos/MSP_EXP432P4111/lvgl/kentectouchwidgets/freertos/ccs/kentectouchwidgets_MSP_EXP432P4111_freertos_ccs.projectspec

File not found: ${COM_TI_SIMPLELINK_MSP432_SDK_INSTALL_DIR}/source/ti/boards/MSP_EXP432P4111/Board.html
In project: examples/rtos/MSP_EXP432P4111/lvgl/kentectouchwidgets/freertos/gcc/kentectouchwidgets_MSP_EXP432P4111_freertos_gcc.projectspec

File not found: ${COM_TI_SIMPLELINK_MSP432_SDK_INSTALL_DIR}/source/ti/boards/MSP_EXP432P4111/Board.html
In project: examples/rtos/MSP_EXP432P4111/lvgl/kentectouchwidgets/tirtos/ccs/kentectouchwidgets_MSP_EXP432P4111_tirtos_ccs.projectspec

File not found: ${COM_TI_SIMPLELINK_MSP432_SDK_INSTALL_DIR}/source/ti/boards/MSP_EXP432P4111/Board.html
In project: examples/rtos/MSP_EXP432P4111/lvgl/kentectouchwidgets/tirtos/gcc/kentectouchwidgets_MSP_EXP432P4111_tirtos_gcc.projectspec

File not found: ${COM_TI_SIMPLELINK_MSP432_SDK_INSTALL_DIR}/source/ti/boards/MSP_EXP432P4111/Board.html
In project: examples/rtos/MSP_EXP432P4111/lvgl/sharpsimpledisplay/freertos/ccs/sharpsimpledisplay_MSP_EXP432P4111_freertos_ccs.projectspec

File not found: ${COM_TI_SIMPLELINK_MSP432_SDK_INSTALL_DIR}/source/ti/boards/MSP_EXP432P4111/Board.html
In project: examples/rtos/MSP_EXP432P4111/lvgl/sharpsimpledisplay/freertos/gcc/sharpsimpledisplay_MSP_EXP432P4111_freertos_gcc.projectspec

File not found: ${COM_TI_SIMPLELINK_MSP432_SDK_INSTALL_DIR}/source/ti/boards/MSP_EXP432P4111/Board.html
In project: examples/rtos/MSP_EXP432P4111/lvgl/sharpsimpledisplay/tirtos/ccs/sharpsimpledisplay_MSP_EXP432P4111_tirtos_ccs.projectspec

File not found: ${COM_TI_SIMPLELINK_MSP432_SDK_INSTALL_DIR}/source/ti/boards/MSP_EXP432P4111/Board.html
In project: examples/rtos/MSP_EXP432P4111/lvgl/sharpsimpledisplay/tirtos/gcc/sharpsimpledisplay_MSP_EXP432P4111_tirtos_gcc.projectspec

File not found: ${COM_TI_SIMPLELINK_CC13X2_26X2_SDK_INSTALL_DIR}/source/ti/boards/CC1312R1_LAUNCHXL/Board.html
In project: examples/syscfg_preview/rtos/CC1312R1_LAUNCHXL/lvgl/kentectouchwidgets/tirtos/ccs/kentectouchwidgets_CC1312R1_LAUNCHXL_tirtos_ccs_syscfg.projectspec

Unable to parse files
In project: examples/syscfg_preview/rtos/CC1312R1_LAUNCHXL/lvgl/kentectouchwidgets/tirtos/iar/SysConfig_Generated_Files.ipcf

File not found: ${COM_TI_SIMPLELINK_CC13X2_26X2_SDK_INSTALL_DIR}/source/ti/boards/CC1312R1_LAUNCHXL/Board.html
In project: examples/syscfg_preview/rtos/CC1312R1_LAUNCHXL/lvgl/kentectouchwidgets/tirtos/gcc/kentectouchwidgets_CC1312R1_LAUNCHXL_tirtos_gcc_syscfg.projectspec

Unable to parse files
In project: examples/syscfg_preview/rtos/CC1312R1_LAUNCHXL/lvgl/sharpsimpledisplay/tirtos/iar/SysConfig_Generated_Files.ipcf

File not found: ${COM_TI_SIMPLELINK_CC13X2_26X2_SDK_INSTALL_DIR}/source/ti/boards/CC1312R1_LAUNCHXL/Board.html
In project: examples/syscfg_preview/rtos/CC1312R1_LAUNCHXL/lvgl/sharpsimpledisplay/tirtos/ccs/sharpsimpledisplay_CC1312R1_LAUNCHXL_tirtos_ccs_syscfg.projectspec

File not found: ${COM_TI_SIMPLELINK_CC32XX_SDK_INSTALL_DIR}/source/ti/boards/CC3220S_LAUNCHXL/Board.html
In project: examples/rtos/CC3220S_LAUNCHXL/lvgl/sharpsimpledisplay/freertos/gcc/sharpsimpledisplay_CC3220S_LAUNCHXL_freertos_gcc.projectspec

File not found: ${COM_TI_SIMPLELINK_CC13X2_26X2_SDK_INSTALL_DIR}/source/ti/boards/CC1352P1_LAUNCHXL/Board.html
In project: examples/syscfg_preview/rtos/CC1352P1_LAUNCHXL/lvgl/kentectouchwidgets/tirtos/ccs/kentectouchwidgets_CC1352P1_LAUNCHXL_tirtos_ccs_syscfg.projectspec

Unable to parse files
In project: examples/syscfg_preview/rtos/CC1352P1_LAUNCHXL/lvgl/kentectouchwidgets/tirtos/iar/SysConfig_Generated_Files.ipcf

File not found: ${COM_TI_SIMPLELINK_CC13X2_26X2_SDK_INSTALL_DIR}/source/ti/boards/CC1352P1_LAUNCHXL/Board.html
In project: examples/syscfg_preview/rtos/CC1352P1_LAUNCHXL/lvgl/kentectouchwidgets/tirtos/gcc/kentectouchwidgets_CC1352P1_LAUNCHXL_tirtos_gcc_syscfg.projectspec

File not found: ${COM_TI_SIMPLELINK_CC13X2_26X2_SDK_INSTALL_DIR}/source/ti/boards/CC1312R1_LAUNCHXL/Board.html
In project: examples/syscfg_preview/rtos/CC1312R1_LAUNCHXL/lvgl/sharpsimpledisplay/tirtos/gcc/sharpsimpledisplay_CC1312R1_LAUNCHXL_tirtos_gcc_syscfg.projectspec

File not found: ${COM_TI_SIMPLELINK_CC13X2_26X2_SDK_INSTALL_DIR}/source/ti/boards/CC1352P1_LAUNCHXL/Board.html
In project: examples/syscfg_preview/rtos/CC1352P1_LAUNCHXL/lvgl/sharpsimpledisplay/tirtos/ccs/sharpsimpledisplay_CC1352P1_LAUNCHXL_tirtos_ccs_syscfg.projectspec

Unable to parse files
In project: examples/syscfg_preview/rtos/CC1352P1_LAUNCHXL/lvgl/sharpsimpledisplay/tirtos/iar/SysConfig_Generated_Files.ipcf

File not found: ${COM_TI_SIMPLELINK_CC13X2_26X2_SDK_INSTALL_DIR}/source/ti/boards/CC1352P1_LAUNCHXL/Board.html
In project: examples/syscfg_preview/rtos/CC1352P1_LAUNCHXL/lvgl/sharpsimpledisplay/tirtos/gcc/sharpsimpledisplay_CC1352P1_LAUNCHXL_tirtos_gcc_syscfg.projectspec

File not found: ${COM_TI_SIMPLELINK_CC13X2_26X2_SDK_INSTALL_DIR}/source/ti/boards/CC1352P_2_LAUNCHXL/Board.html
In project: examples/syscfg_preview/rtos/CC1352P_2_LAUNCHXL/lvgl/kentectouchwidgets/tirtos/ccs/kentectouchwidgets_CC1352P_2_LAUNCHXL_tirtos_ccs_syscfg.projectspec

Unable to parse files
In project: examples/syscfg_preview/rtos/CC1352P_2_LAUNCHXL/lvgl/kentectouchwidgets/tirtos/iar/SysConfig_Generated_Files.ipcf

File not found: ${COM_TI_SIMPLELINK_CC13X2_26X2_SDK_INSTALL_DIR}/source/ti/boards/CC1352P_2_LAUNCHXL/Board.html
In project: examples/syscfg_preview/rtos/CC1352P_2_LAUNCHXL/lvgl/kentectouchwidgets/tirtos/gcc/kentectouchwidgets_CC1352P_2_LAUNCHXL_tirtos_gcc_syscfg.projectspec

Unable to parse files
In project: examples/syscfg_preview/rtos/CC1352P_2_LAUNCHXL/lvgl/sharpsimpledisplay/tirtos/iar/SysConfig_Generated_Files.ipcf

File not found: ${COM_TI_SIMPLELINK_CC13X2_26X2_SDK_INSTALL_DIR}/source/ti/boards/CC1352P_2_LAUNCHXL/Board.html
In project: examples/syscfg_preview/rtos/CC1352P_2_LAUNCHXL/lvgl/sharpsimpledisplay/tirtos/ccs/sharpsimpledisplay_CC1352P_2_LAUNCHXL_tirtos_ccs_syscfg.projectspec

File not found: ${COM_TI_SIMPLELINK_CC13X2_26X2_SDK_INSTALL_DIR}/source/ti/boards/CC1352P_2_LAUNCHXL/Board.html
In project: examples/syscfg_preview/rtos/CC1352P_2_LAUNCHXL/lvgl/sharpsimpledisplay/tirtos/gcc/sharpsimpledisplay_CC1352P_2_LAUNCHXL_tirtos_gcc_syscfg.projectspec

File not found: ${COM_TI_SIMPLELINK_CC13X2_26X2_SDK_INSTALL_DIR}/source/ti/boards/CC1352R1_LAUNCHXL/Board.html
In project: examples/syscfg_preview/rtos/CC1352R1_LAUNCHXL/lvgl/kentectouchwidgets/tirtos/ccs/kentectouchwidgets_CC1352R1_LAUNCHXL_tirtos_ccs_syscfg.projectspec

Unable to parse files
In project: examples/syscfg_preview/rtos/CC1352R1_LAUNCHXL/lvgl/kentectouchwidgets/tirtos/iar/SysConfig_Generated_Files.ipcf

File not found: ${COM_TI_SIMPLELINK_CC13X2_26X2_SDK_INSTALL_DIR}/source/ti/boards/CC1352R1_LAUNCHXL/Board.html
In project: examples/syscfg_preview/rtos/CC1352R1_LAUNCHXL/lvgl/kentectouchwidgets/tirtos/gcc/kentectouchwidgets_CC1352R1_LAUNCHXL_tirtos_gcc_syscfg.projectspec

Unable to parse files
In project: examples/syscfg_preview/rtos/CC1352R1_LAUNCHXL/lvgl/sharpsimpledisplay/tirtos/iar/SysConfig_Generated_Files.ipcf

File not found: ${COM_TI_SIMPLELINK_CC13X2_26X2_SDK_INSTALL_DIR}/source/ti/boards/CC1352R1_LAUNCHXL/Board.html
In project: examples/syscfg_preview/rtos/CC1352R1_LAUNCHXL/lvgl/sharpsimpledisplay/tirtos/ccs/sharpsimpledisplay_CC1352R1_LAUNCHXL_tirtos_ccs_syscfg.projectspec

File not found: ${COM_TI_SIMPLELINK_CC13X2_26X2_SDK_INSTALL_DIR}/source/ti/boards/CC1352R1_LAUNCHXL/Board.html
In project: examples/syscfg_preview/rtos/CC1352R1_LAUNCHXL/lvgl/sharpsimpledisplay/tirtos/gcc/sharpsimpledisplay_CC1352R1_LAUNCHXL_tirtos_gcc_syscfg.projectspec

File not found: ${COM_TI_SIMPLELINK_CC13X2_26X2_SDK_INSTALL_DIR}/source/ti/boards/CC26X2R1_LAUNCHXL/Board.html
In project: examples/syscfg_preview/rtos/CC26X2R1_LAUNCHXL/lvgl/kentectouchwidgets/tirtos/ccs/kentectouchwidgets_CC26X2R1_LAUNCHXL_tirtos_ccs_syscfg.projectspec

Unable to parse files
In project: examples/syscfg_preview/rtos/CC26X2R1_LAUNCHXL/lvgl/kentectouchwidgets/tirtos/iar/SysConfig_Generated_Files.ipcf

File not found: ${COM_TI_SIMPLELINK_CC13X2_26X2_SDK_INSTALL_DIR}/source/ti/boards/CC26X2R1_LAUNCHXL/Board.html
In project: examples/syscfg_preview/rtos/CC26X2R1_LAUNCHXL/lvgl/kentectouchwidgets/tirtos/gcc/kentectouchwidgets_CC26X2R1_LAUNCHXL_tirtos_gcc_syscfg.projectspec

File not found: ${COM_TI_SIMPLELINK_CC13X2_26X2_SDK_INSTALL_DIR}/source/ti/boards/CC26X2R1_LAUNCHXL/Board.html
In project: examples/syscfg_preview/rtos/CC26X2R1_LAUNCHXL/lvgl/sharpsimpledisplay/tirtos/ccs/sharpsimpledisplay_CC26X2R1_LAUNCHXL_tirtos_ccs_syscfg.projectspec

Unable to parse files
In project: examples/syscfg_preview/rtos/CC26X2R1_LAUNCHXL/lvgl/sharpsimpledisplay/tirtos/iar/SysConfig_Generated_Files.ipcf

File not found: ${COM_TI_SIMPLELINK_CC13X2_26X2_SDK_INSTALL_DIR}/source/ti/boards/CC26X2R1_LAUNCHXL/Board.html
In project: examples/syscfg_preview/rtos/CC26X2R1_LAUNCHXL/lvgl/sharpsimpledisplay/tirtos/gcc/sharpsimpledisplay_CC26X2R1_LAUNCHXL_tirtos_gcc_syscfg.projectspec

File not found: ${COM_TI_SIMPLELINK_CC32XX_SDK_INSTALL_DIR}/source/ti/boards/CC3220SF_LAUNCHXL/Board.html
In project: examples/syscfg_preview/rtos/CC3220SF_LAUNCHXL/lvgl/kentectouchwidgets/freertos/ccs/kentectouchwidgets_CC3220SF_LAUNCHXL_freertos_ccs_syscfg.projectspec

Unable to parse files
In project: examples/syscfg_preview/rtos/CC3220SF_LAUNCHXL/lvgl/kentectouchwidgets/freertos/iar/SysConfig_Generated_Files.ipcf

File not found: ${COM_TI_SIMPLELINK_CC32XX_SDK_INSTALL_DIR}/source/ti/boards/CC3220SF_LAUNCHXL/Board.html
In project: examples/syscfg_preview/rtos/CC3220SF_LAUNCHXL/lvgl/kentectouchwidgets/freertos/gcc/kentectouchwidgets_CC3220SF_LAUNCHXL_freertos_gcc_syscfg.projectspec

Unable to parse files
In project: examples/syscfg_preview/rtos/CC3220SF_LAUNCHXL/lvgl/kentectouchwidgets/tirtos/iar/SysConfig_Generated_Files.ipcf

File not found: ${COM_TI_SIMPLELINK_CC32XX_SDK_INSTALL_DIR}/source/ti/boards/CC3220SF_LAUNCHXL/Board.html
In project: examples/syscfg_preview/rtos/CC3220SF_LAUNCHXL/lvgl/kentectouchwidgets/tirtos/ccs/kentectouchwidgets_CC3220SF_LAUNCHXL_tirtos_ccs_syscfg.projectspec

File not found: ${COM_TI_SIMPLELINK_CC32XX_SDK_INSTALL_DIR}/source/ti/boards/CC3220SF_LAUNCHXL/Board.html
In project: examples/syscfg_preview/rtos/CC3220SF_LAUNCHXL/lvgl/kentectouchwidgets/tirtos/gcc/kentectouchwidgets_CC3220SF_LAUNCHXL_tirtos_gcc_syscfg.projectspec

File not found: ${COM_TI_SIMPLELINK_CC32XX_SDK_INSTALL_DIR}/source/ti/boards/CC3220SF_LAUNCHXL/Board.html
In project: examples/syscfg_preview/rtos/CC3220SF_LAUNCHXL/lvgl/sharpsimpledisplay/freertos/ccs/sharpsimpledisplay_CC3220SF_LAUNCHXL_freertos_ccs_syscfg.projectspec

Unable to parse files
In project: examples/syscfg_preview/rtos/CC3220SF_LAUNCHXL/lvgl/sharpsimpledisplay/freertos/iar/SysConfig_Generated_Files.ipcf

File not found: ${COM_TI_SIMPLELINK_CC32XX_SDK_INSTALL_DIR}/source/ti/boards/CC3220SF_LAUNCHXL/Board.html
In project: examples/syscfg_preview/rtos/CC3220SF_LAUNCHXL/lvgl/sharpsimpledisplay/freertos/gcc/sharpsimpledisplay_CC3220SF_LAUNCHXL_freertos_gcc_syscfg.projectspec

File not found: ${COM_TI_SIMPLELINK_CC32XX_SDK_INSTALL_DIR}/source/ti/boards/CC3220SF_LAUNCHXL/Board.html
In project: examples/syscfg_preview/rtos/CC3220SF_LAUNCHXL/lvgl/sharpsimpledisplay/tirtos/ccs/sharpsimpledisplay_CC3220SF_LAUNCHXL_tirtos_ccs_syscfg.projectspec

Unable to parse files
In project: examples/syscfg_preview/rtos/CC3220SF_LAUNCHXL/lvgl/sharpsimpledisplay/tirtos/iar/SysConfig_Generated_Files.ipcf

File not found: ${COM_TI_SIMPLELINK_CC32XX_SDK_INSTALL_DIR}/source/ti/boards/CC3220SF_LAUNCHXL/Board.html
In project: examples/syscfg_preview/rtos/CC3220SF_LAUNCHXL/lvgl/sharpsimpledisplay/tirtos/gcc/sharpsimpledisplay_CC3220SF_LAUNCHXL_tirtos_gcc_syscfg.projectspec

File not found: ${COM_TI_SIMPLELINK_CC32XX_SDK_INSTALL_DIR}/source/ti/boards/CC3220S_LAUNCHXL/Board.html
In project: examples/syscfg_preview/rtos/CC3220S_LAUNCHXL/lvgl/kentectouchwidgets/freertos/ccs/kentectouchwidgets_CC3220S_LAUNCHXL_freertos_ccs_syscfg.projectspec

Unable to parse files
In project: examples/syscfg_preview/rtos/CC3220S_LAUNCHXL/lvgl/kentectouchwidgets/freertos/iar/SysConfig_Generated_Files.ipcf

File not found: ${COM_TI_SIMPLELINK_CC32XX_SDK_INSTALL_DIR}/source/ti/boards/CC3220S_LAUNCHXL/Board.html
In project: examples/syscfg_preview/rtos/CC3220S_LAUNCHXL/lvgl/kentectouchwidgets/freertos/gcc/kentectouchwidgets_CC3220S_LAUNCHXL_freertos_gcc_syscfg.projectspec

Unable to parse files
In project: examples/syscfg_preview/rtos/CC3220S_LAUNCHXL/lvgl/kentectouchwidgets/tirtos/iar/SysConfig_Generated_Files.ipcf

File not found: ${COM_TI_SIMPLELINK_CC32XX_SDK_INSTALL_DIR}/source/ti/boards/CC3220S_LAUNCHXL/Board.html
In project: examples/syscfg_preview/rtos/CC3220S_LAUNCHXL/lvgl/kentectouchwidgets/tirtos/ccs/kentectouchwidgets_CC3220S_LAUNCHXL_tirtos_ccs_syscfg.projectspec

File not found: ${COM_TI_SIMPLELINK_CC32XX_SDK_INSTALL_DIR}/source/ti/boards/CC3220S_LAUNCHXL/Board.html
In project: examples/syscfg_preview/rtos/CC3220S_LAUNCHXL/lvgl/kentectouchwidgets/tirtos/gcc/kentectouchwidgets_CC3220S_LAUNCHXL_tirtos_gcc_syscfg.projectspec

File not found: ${COM_TI_SIMPLELINK_CC32XX_SDK_INSTALL_DIR}/source/ti/boards/CC3220S_LAUNCHXL/Board.html
In project: examples/syscfg_preview/rtos/CC3220S_LAUNCHXL/lvgl/sharpsimpledisplay/freertos/ccs/sharpsimpledisplay_CC3220S_LAUNCHXL_freertos_ccs_syscfg.projectspec

Unable to parse files
In project: examples/syscfg_preview/rtos/CC3220S_LAUNCHXL/lvgl/sharpsimpledisplay/freertos/iar/SysConfig_Generated_Files.ipcf

File not found: ${COM_TI_SIMPLELINK_CC32XX_SDK_INSTALL_DIR}/source/ti/boards/CC3220S_LAUNCHXL/Board.html
In project: examples/syscfg_preview/rtos/CC3220S_LAUNCHXL/lvgl/sharpsimpledisplay/freertos/gcc/sharpsimpledisplay_CC3220S_LAUNCHXL_freertos_gcc_syscfg.projectspec

File not found: ${COM_TI_SIMPLELINK_CC32XX_SDK_INSTALL_DIR}/source/ti/boards/CC3220S_LAUNCHXL/Board.html
In project: examples/syscfg_preview/rtos/CC3220S_LAUNCHXL/lvgl/sharpsimpledisplay/tirtos/ccs/sharpsimpledisplay_CC3220S_LAUNCHXL_tirtos_ccs_syscfg.projectspec

Unable to parse files
In project: examples/syscfg_preview/rtos/CC3220S_LAUNCHXL/lvgl/sharpsimpledisplay/tirtos/iar/SysConfig_Generated_Files.ipcf

File not found: ${COM_TI_SIMPLELINK_CC32XX_SDK_INSTALL_DIR}/source/ti/boards/CC3220S_LAUNCHXL/Board.html
In project: examples/syscfg_preview/rtos/CC3220S_LAUNCHXL/lvgl/sharpsimpledisplay/tirtos/gcc/sharpsimpledisplay_CC3220S_LAUNCHXL_tirtos_gcc_syscfg.projectspec

File not found: ${COM_TI_SIMPLELINK_CC32XX_SDK_INSTALL_DIR}/source/ti/boards/CC3235SF_LAUNCHXL/Board.html
In project: examples/syscfg_preview/rtos/CC3235SF_LAUNCHXL/lvgl/kentectouchwidgets/freertos/ccs/kentectouchwidgets_CC3235SF_LAUNCHXL_freertos_ccs_syscfg.projectspec

Unable to parse files
In project: examples/syscfg_preview/rtos/CC3235SF_LAUNCHXL/lvgl/kentectouchwidgets/freertos/iar/SysConfig_Generated_Files.ipcf

File not found: ${COM_TI_SIMPLELINK_CC32XX_SDK_INSTALL_DIR}/source/ti/boards/CC3235SF_LAUNCHXL/Board.html
In project: examples/syscfg_preview/rtos/CC3235SF_LAUNCHXL/lvgl/kentectouchwidgets/freertos/gcc/kentectouchwidgets_CC3235SF_LAUNCHXL_freertos_gcc_syscfg.projectspec

Unable to parse files
In project: examples/syscfg_preview/rtos/CC3235SF_LAUNCHXL/lvgl/kentectouchwidgets/tirtos/iar/SysConfig_Generated_Files.ipcf

File not found: ${COM_TI_SIMPLELINK_CC32XX_SDK_INSTALL_DIR}/source/ti/boards/CC3235SF_LAUNCHXL/Board.html
In project: examples/syscfg_preview/rtos/CC3235SF_LAUNCHXL/lvgl/kentectouchwidgets/tirtos/ccs/kentectouchwidgets_CC3235SF_LAUNCHXL_tirtos_ccs_syscfg.projectspec

File not found: ${COM_TI_SIMPLELINK_CC32XX_SDK_INSTALL_DIR}/source/ti/boards/CC3235SF_LAUNCHXL/Board.html
In project: examples/syscfg_preview/rtos/CC3235SF_LAUNCHXL/lvgl/kentectouchwidgets/tirtos/gcc/kentectouchwidgets_CC3235SF_LAUNCHXL_tirtos_gcc_syscfg.projectspec

File not found: ${COM_TI_SIMPLELINK_CC32XX_SDK_INSTALL_DIR}/source/ti/boards/CC3235SF_LAUNCHXL/Board.html
In project: examples/syscfg_preview/rtos/CC3235SF_LAUNCHXL/lvgl/sharpsimpledisplay/freertos/ccs/sharpsimpledisplay_CC3235SF_LAUNCHXL_freertos_ccs_syscfg.projectspec

Unable to parse files
In project: examples/syscfg_preview/rtos/CC3235SF_LAUNCHXL/lvgl/sharpsimpledisplay/freertos/iar/SysConfig_Generated_Files.ipcf

File not found: ${COM_TI_SIMPLELINK_CC32XX_SDK_INSTALL_DIR}/source/ti/boards/CC3235SF_LAUNCHXL/Board.html
In project: examples/syscfg_preview/rtos/CC3235SF_LAUNCHXL/lvgl/sharpsimpledisplay/freertos/gcc/sharpsimpledisplay_CC3235SF_LAUNCHXL_freertos_gcc_syscfg.projectspec

Unable to parse files
In project: examples/syscfg_preview/rtos/CC3235SF_LAUNCHXL/lvgl/sharpsimpledisplay/tirtos/iar/SysConfig_Generated_Files.ipcf

File not found: ${COM_TI_SIMPLELINK_CC32XX_SDK_INSTALL_DIR}/source/ti/boards/CC3235SF_LAUNCHXL/Board.html
In project: examples/syscfg_preview/rtos/CC3235SF_LAUNCHXL/lvgl/sharpsimpledisplay/tirtos/ccs/sharpsimpledisplay_CC3235SF_LAUNCHXL_tirtos_ccs_syscfg.projectspec

File not found: ${COM_TI_SIMPLELINK_CC32XX_SDK_INSTALL_DIR}/source/ti/boards/CC3235SF_LAUNCHXL/Board.html
In project: examples/syscfg_preview/rtos/CC3235SF_LAUNCHXL/lvgl/sharpsimpledisplay/tirtos/gcc/sharpsimpledisplay_CC3235SF_LAUNCHXL_tirtos_gcc_syscfg.projectspec

File not found: ${COM_TI_SIMPLELINK_CC32XX_SDK_INSTALL_DIR}/source/ti/boards/CC3235S_LAUNCHXL/Board.html
In project: examples/syscfg_preview/rtos/CC3235S_LAUNCHXL/lvgl/kentectouchwidgets/freertos/ccs/kentectouchwidgets_CC3235S_LAUNCHXL_freertos_ccs_syscfg.projectspec

Unable to parse files
In project: examples/syscfg_preview/rtos/CC3235S_LAUNCHXL/lvgl/kentectouchwidgets/freertos/iar/SysConfig_Generated_Files.ipcf

File not found: ${COM_TI_SIMPLELINK_CC32XX_SDK_INSTALL_DIR}/source/ti/boards/CC3235S_LAUNCHXL/Board.html
In project: examples/syscfg_preview/rtos/CC3235S_LAUNCHXL/lvgl/kentectouchwidgets/freertos/gcc/kentectouchwidgets_CC3235S_LAUNCHXL_freertos_gcc_syscfg.projectspec

File not found: ${COM_TI_SIMPLELINK_CC32XX_SDK_INSTALL_DIR}/source/ti/boards/CC3235S_LAUNCHXL/Board.html
In project: examples/syscfg_preview/rtos/CC3235S_LAUNCHXL/lvgl/kentectouchwidgets/tirtos/ccs/kentectouchwidgets_CC3235S_LAUNCHXL_tirtos_ccs_syscfg.projectspec

Unable to parse files
In project: examples/syscfg_preview/rtos/CC3235S_LAUNCHXL/lvgl/kentectouchwidgets/tirtos/iar/SysConfig_Generated_Files.ipcf

File not found: ${COM_TI_SIMPLELINK_CC32XX_SDK_INSTALL_DIR}/source/ti/boards/CC3235S_LAUNCHXL/Board.html
In project: examples/syscfg_preview/rtos/CC3235S_LAUNCHXL/lvgl/kentectouchwidgets/tirtos/gcc/kentectouchwidgets_CC3235S_LAUNCHXL_tirtos_gcc_syscfg.projectspec

Unable to parse files
In project: examples/syscfg_preview/rtos/CC3235S_LAUNCHXL/lvgl/sharpsimpledisplay/freertos/iar/SysConfig_Generated_Files.ipcf

File not found: ${COM_TI_SIMPLELINK_CC32XX_SDK_INSTALL_DIR}/source/ti/boards/CC3235S_LAUNCHXL/Board.html
In project: examples/syscfg_preview/rtos/CC3235S_LAUNCHXL/lvgl/sharpsimpledisplay/freertos/ccs/sharpsimpledisplay_CC3235S_LAUNCHXL_freertos_ccs_syscfg.projectspec

File not found: ${COM_TI_SIMPLELINK_CC32XX_SDK_INSTALL_DIR}/source/ti/boards/CC3235S_LAUNCHXL/Board.html
In project: examples/syscfg_preview/rtos/CC3235S_LAUNCHXL/lvgl/sharpsimpledisplay/freertos/gcc/sharpsimpledisplay_CC3235S_LAUNCHXL_freertos_gcc_syscfg.projectspec

File not found: ${COM_TI_SIMPLELINK_CC32XX_SDK_INSTALL_DIR}/source/ti/boards/CC3235S_LAUNCHXL/Board.html
In project: examples/syscfg_preview/rtos/CC3235S_LAUNCHXL/lvgl/sharpsimpledisplay/tirtos/ccs/sharpsimpledisplay_CC3235S_LAUNCHXL_tirtos_ccs_syscfg.projectspec

Unable to parse files
In project: examples/syscfg_preview/rtos/CC3235S_LAUNCHXL/lvgl/sharpsimpledisplay/tirtos/iar/SysConfig_Generated_Files.ipcf

File not found: ${COM_TI_SIMPLELINK_CC32XX_SDK_INSTALL_DIR}/source/ti/boards/CC3235S_LAUNCHXL/Board.html
In project: examples/syscfg_preview/rtos/CC3235S_LAUNCHXL/lvgl/sharpsimpledisplay/tirtos/gcc/sharpsimpledisplay_CC3235S_LAUNCHXL_tirtos_gcc_syscfg.projectspec

File not found: ${COM_TI_SIMPLELINK_MSP432E4_SDK_INSTALL_DIR}/source/ti/boards/MSP_EXP432E401Y/Board.html
In project: examples/syscfg_preview/rtos/MSP_EXP432E401Y/lvgl/kentectouchwidgets/freertos/ccs/kentectouchwidgets_MSP_EXP432E401Y_freertos_ccs_syscfg.projectspec

Unable to parse files
In project: examples/syscfg_preview/rtos/MSP_EXP432E401Y/lvgl/kentectouchwidgets/freertos/iar/SysConfig_Generated_Files.ipcf

File not found: ${COM_TI_SIMPLELINK_MSP432E4_SDK_INSTALL_DIR}/source/ti/boards/MSP_EXP432E401Y/Board.html
In project: examples/syscfg_preview/rtos/MSP_EXP432E401Y/lvgl/kentectouchwidgets/freertos/gcc/kentectouchwidgets_MSP_EXP432E401Y_freertos_gcc_syscfg.projectspec

File not found: ${COM_TI_SIMPLELINK_MSP432E4_SDK_INSTALL_DIR}/source/ti/boards/MSP_EXP432E401Y/Board.html
In project: examples/syscfg_preview/rtos/MSP_EXP432E401Y/lvgl/kentectouchwidgets/tirtos/ccs/kentectouchwidgets_MSP_EXP432E401Y_tirtos_ccs_syscfg.projectspec

Unable to parse files
In project: examples/syscfg_preview/rtos/MSP_EXP432E401Y/lvgl/kentectouchwidgets/tirtos/iar/SysConfig_Generated_Files.ipcf

File not found: ${COM_TI_SIMPLELINK_MSP432E4_SDK_INSTALL_DIR}/source/ti/boards/MSP_EXP432E401Y/Board.html
In project: examples/syscfg_preview/rtos/MSP_EXP432E401Y/lvgl/kentectouchwidgets/tirtos/gcc/kentectouchwidgets_MSP_EXP432E401Y_tirtos_gcc_syscfg.projectspec

Unable to parse files
In project: examples/syscfg_preview/rtos/MSP_EXP432E401Y/lvgl/sharpsimpledisplay/freertos/iar/SysConfig_Generated_Files.ipcf

File not found: ${COM_TI_SIMPLELINK_MSP432E4_SDK_INSTALL_DIR}/source/ti/boards/MSP_EXP432E401Y/Board.html
In project: examples/syscfg_preview/rtos/MSP_EXP432E401Y/lvgl/sharpsimpledisplay/freertos/ccs/sharpsimpledisplay_MSP_EXP432E401Y_freertos_ccs_syscfg.projectspec

File not found: ${COM_TI_SIMPLELINK_MSP432E4_SDK_INSTALL_DIR}/source/ti/boards/MSP_EXP432E401Y/Board.html
In project: examples/syscfg_preview/rtos/MSP_EXP432E401Y/lvgl/sharpsimpledisplay/freertos/gcc/sharpsimpledisplay_MSP_EXP432E401Y_freertos_gcc_syscfg.projectspec

Unable to parse files
In project: examples/syscfg_preview/rtos/MSP_EXP432E401Y/lvgl/sharpsimpledisplay/tirtos/iar/SysConfig_Generated_Files.ipcf

File not found: ${COM_TI_SIMPLELINK_MSP432E4_SDK_INSTALL_DIR}/source/ti/boards/MSP_EXP432E401Y/Board.html
In project: examples/syscfg_preview/rtos/MSP_EXP432E401Y/lvgl/sharpsimpledisplay/tirtos/ccs/sharpsimpledisplay_MSP_EXP432E401Y_tirtos_ccs_syscfg.projectspec

File not found: ${COM_TI_SIMPLELINK_MSP432E4_SDK_INSTALL_DIR}/source/ti/boards/MSP_EXP432E401Y/Board.html
In project: examples/syscfg_preview/rtos/MSP_EXP432E401Y/lvgl/sharpsimpledisplay/tirtos/gcc/sharpsimpledisplay_MSP_EXP432E401Y_tirtos_gcc_syscfg.projectspec

Unable to parse files
In project: examples/syscfg_preview/rtos/MSP_EXP432P401R/lvgl/kentectouchwidgets/freertos/iar/SysConfig_Generated_Files.ipcf

File not found: ${COM_TI_SIMPLELINK_MSP432_SDK_INSTALL_DIR}/source/ti/boards/MSP_EXP432P401R/Board.html
In project: examples/syscfg_preview/rtos/MSP_EXP432P401R/lvgl/kentectouchwidgets/freertos/ccs/kentectouchwidgets_MSP_EXP432P401R_freertos_ccs_syscfg.projectspec

File not found: ${COM_TI_SIMPLELINK_MSP432_SDK_INSTALL_DIR}/source/ti/boards/MSP_EXP432P401R/Board.html
In project: examples/syscfg_preview/rtos/MSP_EXP432P401R/lvgl/kentectouchwidgets/freertos/gcc/kentectouchwidgets_MSP_EXP432P401R_freertos_gcc_syscfg.projectspec

File not found: ${COM_TI_SIMPLELINK_MSP432_SDK_INSTALL_DIR}/source/ti/boards/MSP_EXP432P401R/Board.html
In project: examples/syscfg_preview/rtos/MSP_EXP432P401R/lvgl/kentectouchwidgets/tirtos/ccs/kentectouchwidgets_MSP_EXP432P401R_tirtos_ccs_syscfg.projectspec

Unable to parse files
In project: examples/syscfg_preview/rtos/MSP_EXP432P401R/lvgl/kentectouchwidgets/tirtos/iar/SysConfig_Generated_Files.ipcf

File not found: ${COM_TI_SIMPLELINK_MSP432_SDK_INSTALL_DIR}/source/ti/boards/MSP_EXP432P401R/Board.html
In project: examples/syscfg_preview/rtos/MSP_EXP432P401R/lvgl/kentectouchwidgets/tirtos/gcc/kentectouchwidgets_MSP_EXP432P401R_tirtos_gcc_syscfg.projectspec

File not found: ${COM_TI_SIMPLELINK_MSP432_SDK_INSTALL_DIR}/source/ti/boards/MSP_EXP432P401R/Board.html
In project: examples/syscfg_preview/rtos/MSP_EXP432P401R/lvgl/sharpsimpledisplay/freertos/ccs/sharpsimpledisplay_MSP_EXP432P401R_freertos_ccs_syscfg.projectspec

Unable to parse files
In project: examples/syscfg_preview/rtos/MSP_EXP432P401R/lvgl/sharpsimpledisplay/freertos/iar/SysConfig_Generated_Files.ipcf

File not found: ${COM_TI_SIMPLELINK_MSP432_SDK_INSTALL_DIR}/source/ti/boards/MSP_EXP432P401R/Board.html
In project: examples/syscfg_preview/rtos/MSP_EXP432P401R/lvgl/sharpsimpledisplay/freertos/gcc/sharpsimpledisplay_MSP_EXP432P401R_freertos_gcc_syscfg.projectspec

Unable to parse files
In project: examples/syscfg_preview/rtos/MSP_EXP432P401R/lvgl/sharpsimpledisplay/tirtos/iar/SysConfig_Generated_Files.ipcf

File not found: ${COM_TI_SIMPLELINK_MSP432_SDK_INSTALL_DIR}/source/ti/boards/MSP_EXP432P401R/Board.html
In project: examples/syscfg_preview/rtos/MSP_EXP432P401R/lvgl/sharpsimpledisplay/tirtos/gcc/sharpsimpledisplay_MSP_EXP432P401R_tirtos_gcc_syscfg.projectspec

File not found: ${COM_TI_SIMPLELINK_MSP432_SDK_INSTALL_DIR}/source/ti/boards/MSP_EXP432P4111/Board.html
In project: examples/syscfg_preview/rtos/MSP_EXP432P4111/lvgl/kentectouchwidgets/freertos/ccs/kentectouchwidgets_MSP_EXP432P4111_freertos_ccs_syscfg.projectspec

Unable to parse files
In project: examples/syscfg_preview/rtos/MSP_EXP432P4111/lvgl/kentectouchwidgets/freertos/iar/SysConfig_Generated_Files.ipcf

File not found: ${COM_TI_SIMPLELINK_MSP432_SDK_INSTALL_DIR}/source/ti/boards/MSP_EXP432P4111/Board.html
In project: examples/syscfg_preview/rtos/MSP_EXP432P4111/lvgl/kentectouchwidgets/freertos/gcc/kentectouchwidgets_MSP_EXP432P4111_freertos_gcc_syscfg.projectspec

Unable to parse files
In project: examples/syscfg_preview/rtos/MSP_EXP432P4111/lvgl/kentectouchwidgets/tirtos/iar/SysConfig_Generated_Files.ipcf

File not found: ${COM_TI_SIMPLELINK_MSP432_SDK_INSTALL_DIR}/source/ti/boards/MSP_EXP432P4111/Board.html
In project: examples/syscfg_preview/rtos/MSP_EXP432P4111/lvgl/kentectouchwidgets/tirtos/ccs/kentectouchwidgets_MSP_EXP432P4111_tirtos_ccs_syscfg.projectspec

Unable to parse files
In project: examples/syscfg_preview/rtos/MSP_EXP432P4111/lvgl/sharpsimpledisplay/freertos/iar/SysConfig_Generated_Files.ipcf

File not found: ${COM_TI_SIMPLELINK_MSP432_SDK_INSTALL_DIR}/source/ti/boards/MSP_EXP432P4111/Board.html
In project: examples/syscfg_preview/rtos/MSP_EXP432P4111/lvgl/sharpsimpledisplay/freertos/ccs/sharpsimpledisplay_MSP_EXP432P4111_freertos_ccs_syscfg.projectspec

File not found: ${COM_TI_SIMPLELINK_MSP432_SDK_INSTALL_DIR}/source/ti/boards/MSP_EXP432P4111/Board.html
In project: examples/syscfg_preview/rtos/MSP_EXP432P4111/lvgl/sharpsimpledisplay/freertos/gcc/sharpsimpledisplay_MSP_EXP432P4111_freertos_gcc_syscfg.projectspec

File not found: ${COM_TI_SIMPLELINK_MSP432_SDK_INSTALL_DIR}/source/ti/boards/MSP_EXP432P4111/Board.html
In project: examples/syscfg_preview/rtos/MSP_EXP432P4111/lvgl/kentectouchwidgets/tirtos/gcc/kentectouchwidgets_MSP_EXP432P4111_tirtos_gcc_syscfg.projectspec

File not found: ${COM_TI_SIMPLELINK_MSP432_SDK_INSTALL_DIR}/source/ti/boards/MSP_EXP432P4111/Board.html
In project: examples/syscfg_preview/rtos/MSP_EXP432P4111/lvgl/sharpsimpledisplay/tirtos/ccs/sharpsimpledisplay_MSP_EXP432P4111_tirtos_ccs_syscfg.projectspec

Unable to parse files
In project: examples/syscfg_preview/rtos/MSP_EXP432P4111/lvgl/sharpsimpledisplay/tirtos/iar/SysConfig_Generated_Files.ipcf

File not found: ${COM_TI_SIMPLELINK_MSP432_SDK_INSTALL_DIR}/source/ti/boards/MSP_EXP432P4111/Board.html
In project: examples/syscfg_preview/rtos/MSP_EXP432P4111/lvgl/sharpsimpledisplay/tirtos/gcc/sharpsimpledisplay_MSP_EXP432P4111_tirtos_gcc_syscfg.projectspec

File not found: ${COM_TI_SIMPLELINK_MSP432_SDK_INSTALL_DIR}/source/ti/boards/MSP_EXP432P401R/Board.html
In project: examples/syscfg_preview/rtos/MSP_EXP432P401R/lvgl/sharpsimpledisplay/tirtos/ccs/sharpsimpledisplay_MSP_EXP432P401R_tirtos_ccs_syscfg.projectspec

